{"/Users/tiagolemos/git/img-upload-api-old/src/constants.ts": {"path":"/Users/tiagolemos/git/img-upload-api-old/src/constants.ts","statementMap":{"0":{"start":{"line":1,"column":13},"end":{"line":6,"column":null}}},"fnMap":{},"branchMap":{},"s":{"0":2},"f":{},"b":{}}
,"/Users/tiagolemos/git/img-upload-api-old/src/functions/getUrl/handler.ts": {"path":"/Users/tiagolemos/git/img-upload-api-old/src/functions/getUrl/handler.ts","statementMap":{"0":{"start":{"line":1,"column":0},"end":{"line":1,"column":37}},"1":{"start":{"line":4,"column":0},"end":{"line":4,"column":59}},"2":{"start":{"line":5,"column":0},"end":{"line":5,"column":44}},"3":{"start":{"line":6,"column":0},"end":{"line":6,"column":29}},"4":{"start":{"line":9,"column":11},"end":{"line":11,"column":2}},"5":{"start":{"line":13,"column":73},"end":{"line":45,"column":1}},"6":{"start":{"line":20,"column":2},"end":{"line":20,"column":47}},"7":{"start":{"line":21,"column":21},"end":{"line":21,"column":43}},"8":{"start":{"line":22,"column":14},"end":{"line":22,"column":40}},"9":{"start":{"line":25,"column":33},"end":{"line":25,"column":39}},"10":{"start":{"line":28,"column":17},"end":{"line":28,"column":19}},"11":{"start":{"line":30,"column":2},"end":{"line":42,"column":null}},"12":{"start":{"line":31,"column":16},"end":{"line":35,"column":6}},"13":{"start":{"line":36,"column":4},"end":{"line":36,"column":null}},"14":{"start":{"line":37,"column":4},"end":{"line":37,"column":null}},"15":{"start":{"line":38,"column":4},"end":{"line":38,"column":44}},"16":{"start":{"line":40,"column":4},"end":{"line":40,"column":20}},"17":{"start":{"line":41,"column":4},"end":{"line":41,"column":32}},"18":{"start":{"line":44,"column":2},"end":{"line":44,"column":33}},"19":{"start":{"line":13,"column":13},"end":{"line":13,"column":73}},"20":{"start":{"line":47,"column":13},"end":{"line":47,"column":27}}},"fnMap":{"0":{"name":"(anonymous_0)","decl":{"start":{"line":13,"column":73},"end":{"line":13,"column":78}},"loc":{"start":{"line":13,"column":89},"end":{"line":45,"column":1}}}},"branchMap":{},"s":{"0":1,"1":1,"2":1,"3":1,"4":1,"5":1,"6":1,"7":1,"8":1,"9":1,"10":1,"11":1,"12":1,"13":1,"14":1,"15":1,"16":0,"17":0,"18":1,"19":1,"20":1},"f":{"0":1},"b":{}}
,"/Users/tiagolemos/git/img-upload-api-old/src/functions/imageMetadata/handler.ts": {"path":"/Users/tiagolemos/git/img-upload-api-old/src/functions/imageMetadata/handler.ts","statementMap":{"0":{"start":{"line":1,"column":0},"end":{"line":1,"column":37}},"1":{"start":{"line":3,"column":0},"end":{"line":3,"column":29}},"2":{"start":{"line":4,"column":0},"end":{"line":4,"column":34}},"3":{"start":{"line":5,"column":0},"end":{"line":5,"column":25}},"4":{"start":{"line":6,"column":0},"end":{"line":6,"column":44}},"5":{"start":{"line":8,"column":11},"end":{"line":8,"column":54}},"6":{"start":{"line":10,"column":35},"end":{"line":17,"column":1}},"7":{"start":{"line":11,"column":2},"end":{"line":16,"column":null}},"8":{"start":{"line":12,"column":4},"end":{"line":15,"column":null}},"9":{"start":{"line":13,"column":6},"end":{"line":13,"column":27}},"10":{"start":{"line":13,"column":15},"end":{"line":13,"column":27}},"11":{"start":{"line":14,"column":6},"end":{"line":14,"column":null}},"12":{"start":{"line":10,"column":13},"end":{"line":10,"column":35}},"13":{"start":{"line":19,"column":29},"end":{"line":67,"column":1}},"14":{"start":{"line":28,"column":13},"end":{"line":30,"column":4}},"15":{"start":{"line":32,"column":17},"end":{"line":32,"column":48}},"16":{"start":{"line":33,"column":14},"end":{"line":33,"column":44}},"17":{"start":{"line":34,"column":17},"end":{"line":34,"column":19}},"18":{"start":{"line":35,"column":19},"end":{"line":35,"column":49}},"19":{"start":{"line":37,"column":2},"end":{"line":64,"column":null}},"20":{"start":{"line":39,"column":40},"end":{"line":42,"column":6}},"21":{"start":{"line":45,"column":17},"end":{"line":45,"column":53}},"22":{"start":{"line":46,"column":4},"end":{"line":46,"column":79}},"23":{"start":{"line":49,"column":4},"end":{"line":49,"column":80}},"24":{"start":{"line":52,"column":25},"end":{"line":52,"column":54}},"25":{"start":{"line":53,"column":42},"end":{"line":58,"column":null}},"26":{"start":{"line":59,"column":4},"end":{"line":59,"column":40}},"27":{"start":{"line":62,"column":4},"end":{"line":62,"column":21}},"28":{"start":{"line":63,"column":4},"end":{"line":63,"column":25}},"29":{"start":{"line":66,"column":2},"end":{"line":66,"column":18}},"30":{"start":{"line":19,"column":13},"end":{"line":19,"column":29}},"31":{"start":{"line":69,"column":13},"end":{"line":69,"column":34}}},"fnMap":{"0":{"name":"(anonymous_6)","decl":{"start":{"line":10,"column":35},"end":{"line":10,"column":36}},"loc":{"start":{"line":10,"column":52},"end":{"line":17,"column":1}}},"1":{"name":"(anonymous_7)","decl":{"start":{"line":11,"column":21},"end":{"line":11,"column":22}},"loc":{"start":{"line":11,"column":41},"end":{"line":16,"column":3}}},"2":{"name":"(anonymous_8)","decl":{"start":{"line":12,"column":22},"end":{"line":12,"column":23}},"loc":{"start":{"line":12,"column":38},"end":{"line":15,"column":5}}},"3":{"name":"(anonymous_9)","decl":{"start":{"line":19,"column":29},"end":{"line":19,"column":34}},"loc":{"start":{"line":19,"column":45},"end":{"line":67,"column":1}}}},"branchMap":{"0":{"loc":{"start":{"line":13,"column":6},"end":{"line":13,"column":27}},"type":"if","locations":[{"start":{"line":13,"column":6},"end":{"line":13,"column":27}},{"start":{"line":13,"column":6},"end":{"line":13,"column":27}}]}},"s":{"0":1,"1":1,"2":1,"3":1,"4":1,"5":1,"6":1,"7":0,"8":0,"9":0,"10":0,"11":0,"12":1,"13":1,"14":1,"15":1,"16":1,"17":1,"18":1,"19":1,"20":1,"21":1,"22":1,"23":1,"24":1,"25":1,"26":1,"27":0,"28":0,"29":1,"30":1,"31":1},"f":{"0":0,"1":0,"2":0,"3":1},"b":{"0":[0,0]}}
,"/Users/tiagolemos/git/img-upload-api-old/src/libs/apiGateway.ts": {"path":"/Users/tiagolemos/git/img-upload-api-old/src/libs/apiGateway.ts","statementMap":{"0":{"start":{"line":7,"column":34},"end":{"line":12,"column":1}},"1":{"start":{"line":8,"column":2},"end":{"line":11,"column":null}},"2":{"start":{"line":7,"column":13},"end":{"line":7,"column":34}}},"fnMap":{"0":{"name":"(anonymous_0)","decl":{"start":{"line":7,"column":34},"end":{"line":7,"column":35}},"loc":{"start":{"line":7,"column":72},"end":{"line":12,"column":1}}}},"branchMap":{},"s":{"0":1,"1":1,"2":1},"f":{"0":1},"b":{}}
}
